<?xml version="1.0" encoding="UTF-8"?>
<!-- Generated by org.testng.reporters.JUnitReportReporter -->
<testsuite skipped="0" hostname="joy-PC" name="com.wuliu.MainFunction" tests="1" failures="0" timestamp="07 二月 2018 06:08:03 GMT" time="265.174" errors="0">
  <testcase name="mainFunction" time="265.174" classname="com.wuliu.MainFunction"/>
</testsuite> <!-- com.wuliu.MainFunction -->
