<?xml version="1.0" encoding="UTF-8"?>
<!-- Generated by org.testng.reporters.JUnitReportReporter -->
<testsuite skipped="1" hostname="joy-PC" name="com.wuliu.testcase.TestCase" tests="2" failures="0" timestamp="21 三月 2018 07:49:29 GMT" time="236.832" errors="0">
  <testcase name="test" time="236.832" classname="com.wuliu.testcase.TestCase"/>
  <testcase name="testTwo" classname="com.wuliu.testcase.TestCase">
    <skipped/>
  </testcase> <!-- testTwo -->
</testsuite> <!-- com.wuliu.testcase.TestCase -->
