<?xml version="1.0" encoding="UTF-8"?>
<!-- Generated by org.testng.reporters.JUnitReportReporter -->
<testsuite skipped="0" hostname="joy-PC" name="com.goushuini.PracticeGouShuiNi171212.TestCase" tests="1" failures="0" timestamp="05 一月 2018 09:14:05 GMT" time="34.639" errors="0">
  <testcase name="testCase" time="34.639" classname="com.goushuini.PracticeGouShuiNi171212.TestCase"/>
</testsuite> <!-- com.goushuini.PracticeGouShuiNi171212.TestCase -->
