<?xml version="1.0" encoding="UTF-8"?>
<!-- Generated by org.testng.reporters.JUnitReportReporter -->
<testsuite hostname="joy-PC" name="com.wuliu.testcase.TestCase" tests="1" failures="0" timestamp="6 Feb 2018 02:07:26 GMT" time="257.336" errors="0">
  <testcase name="testCase" time="257.336" classname="com.wuliu.testcase.TestCase"/>
</testsuite> <!-- com.wuliu.testcase.TestCase -->
