<?xml version="1.0" encoding="UTF-8"?>
<!-- Generated by org.testng.reporters.JUnitReportReporter -->
<testsuite skipped="0" hostname="joy-PC" name="com.wuliu.testcase.TestCase2" tests="2" failures="0" timestamp="26 二月 2018 03:35:49 GMT" time="20.657" errors="0">
  <testcase name="test" time="10.742" classname="com.wuliu.testcase.TestCase2"/>
  <testcase name="test" time="9.915" classname="com.wuliu.testcase.TestCase2"/>
</testsuite> <!-- com.wuliu.testcase.TestCase2 -->
