<?xml version="1.0" encoding="UTF-8"?>
<!-- Generated by org.testng.reporters.JUnitReportReporter -->
<testsuite skipped="0" hostname="joy-PC" name="com.goushuini.PracticeGouShuiNi171212.LoginTest" tests="1" failures="0" timestamp="13 十二月 2017 08:57:37 GMT" time="9.824" errors="0">
  <testcase name="testCase" time="9.824" classname="com.goushuini.PracticeGouShuiNi171212.LoginTest"/>
</testsuite> <!-- com.goushuini.PracticeGouShuiNi171212.LoginTest -->
