<?xml version="1.0" encoding="UTF-8"?>
<!-- Generated by org.testng.reporters.JUnitReportReporter -->
<testsuite skipped="0" hostname="joy-PC" name="com.wuliu.testcase.TestCase" tests="1" failures="0" timestamp="06 二月 2018 11:34:53 GMT" time="248.012" errors="0">
  <testcase name="testCase" time="248.012" classname="com.wuliu.testcase.TestCase"/>
</testsuite> <!-- com.wuliu.testcase.TestCase -->
