<?xml version="1.0" encoding="UTF-8"?>
<!-- Generated by org.testng.reporters.JUnitReportReporter -->
<testsuite skipped="0" hostname="joy-PC" name="com.wuliu.testcase.TestCase" tests="1" failures="0" timestamp="23 一月 2018 10:31:02 GMT" time="39.588" errors="0">
  <testcase name="testCase" time="39.588" classname="com.wuliu.testcase.TestCase"/>
</testsuite> <!-- com.wuliu.testcase.TestCase -->
