<?xml version="1.0" encoding="UTF-8"?>
<!-- Generated by org.testng.reporters.JUnitReportReporter -->
<testsuite skipped="0" hostname="joy-PC" name="com.wuliu.testcase.TestCase" tests="1" failures="0" timestamp="08 二月 2018 02:56:42 GMT" time="230.265" errors="0">
  <testcase name="test" time="230.265" classname="com.wuliu.testcase.TestCase"/>
</testsuite> <!-- com.wuliu.testcase.TestCase -->
