<?xml version="1.0" encoding="UTF-8"?>
<!-- Generated by org.testng.reporters.JUnitReportReporter -->
<testsuite skipped="0" hostname="joy-PC" name="com.wuliu.testcase.TestCase" tests="1" failures="0" timestamp="22 一月 2018 10:35:32 GMT" time="273.583" errors="0">
  <testcase name="testCase" time="273.583" classname="com.wuliu.testcase.TestCase"/>
</testsuite> <!-- com.wuliu.testcase.TestCase -->
