<?xml version="1.0" encoding="UTF-8"?>
<!-- Generated by org.testng.reporters.JUnitReportReporter -->
<testsuite hostname="joy-PC" name="com.wuliu.testcase.TestCase" tests="1" failures="0" timestamp="6 Feb 2018 02:31:55 GMT" time="233.236" errors="0">
  <testcase name="testCase" time="233.236" classname="com.wuliu.testcase.TestCase"/>
</testsuite> <!-- com.wuliu.testcase.TestCase -->
